INFO 2025-11-10 01:48:24,775 autoreload Watching for file changes with StatReloader
INFO 2025-11-10 02:18:26,041 autoreload Watching for file changes with StatReloader
INFO 2025-11-10 02:23:09,454 autoreload C:\Users\Asus\Desktop\url_shortener\backend\settings.py changed, reloading.
INFO 2025-11-10 02:23:10,170 autoreload Watching for file changes with StatReloader
INFO 2025-11-10 02:23:33,151 autoreload Watching for file changes with StatReloader
INFO 2025-11-10 23:29:36,673 autoreload Watching for file changes with StatReloader
INFO 2025-11-10 15:21:01,429 autoreload Watching for file changes with StatReloader
INFO 2025-11-10 15:21:37,551 autoreload /app/settings.py changed, reloading.
INFO 2025-11-10 15:21:37,950 autoreload Watching for file changes with StatReloader
INFO 2025-11-10 15:21:43,279 autoreload /app/settings.py changed, reloading.
INFO 2025-11-10 15:21:43,684 autoreload Watching for file changes with StatReloader
INFO 2025-11-11 01:40:09,244 autoreload Watching for file changes with StatReloader
INFO 2025-11-11 01:43:24,364 autoreload C:\Users\Asus\Desktop\url_shortener\backend\settings.py changed, reloading.
INFO 2025-11-11 01:43:24,996 autoreload Watching for file changes with StatReloader
INFO 2025-11-11 01:44:35,264 autoreload C:\Users\Asus\Desktop\url_shortener\backend\settings.py changed, reloading.
INFO 2025-11-11 01:44:36,112 autoreload Watching for file changes with StatReloader
INFO 2025-11-11 01:44:50,738 autoreload C:\Users\Asus\Desktop\url_shortener\backend\models.py changed, reloading.
INFO 2025-11-11 01:44:51,377 autoreload Watching for file changes with StatReloader
INFO 2025-11-11 01:45:02,069 autoreload C:\Users\Asus\Desktop\url_shortener\backend\models.py changed, reloading.
INFO 2025-11-11 01:45:02,754 autoreload Watching for file changes with StatReloader
INFO 2025-11-11 01:45:11,572 autoreload C:\Users\Asus\Desktop\url_shortener\backend\settings.py changed, reloading.
INFO 2025-11-11 01:45:12,243 autoreload Watching for file changes with StatReloader
INFO 2025-11-11 01:52:03,176 autoreload C:\Users\Asus\Desktop\url_shortener\backend\settings.py changed, reloading.
INFO 2025-11-11 01:52:03,773 autoreload Watching for file changes with StatReloader
INFO 2025-11-11 01:52:22,685 autoreload C:\Users\Asus\Desktop\url_shortener\backend\models.py changed, reloading.
INFO 2025-11-11 01:52:23,214 autoreload Watching for file changes with StatReloader
INFO 2025-11-10 16:30:38,752 autoreload Watching for file changes with StatReloader
INFO 2025-11-10 16:31:22,661 basehttp "OPTIONS /api/shorten/ HTTP/1.1" 200 0
ERROR 2025-11-10 16:31:22,686 views Error in ShortenURLView: relation "urls" does not exist
LINE 1: ...ode", "urls"."created_at", "urls"."url_hash" FROM "urls" WHE...
                                                             ^
Traceback (most recent call last):
  File "/usr/local/lib/python3.11/site-packages/django/db/backends/utils.py", line 89, in _execute
    return self.cursor.execute(sql, params)
           ^^^^^^^^^^^^^^^^^^^^^^^^^^^^^^^^
psycopg2.errors.UndefinedTable: relation "urls" does not exist
LINE 1: ...ode", "urls"."created_at", "urls"."url_hash" FROM "urls" WHE...
                                                             ^


The above exception was the direct cause of the following exception:

Traceback (most recent call last):
  File "/app/views.py", line 44, in post
    existing_url = URL.objects.get(url_hash=url_hash)
                   ^^^^^^^^^^^^^^^^^^^^^^^^^^^^^^^^^^
  File "/usr/local/lib/python3.11/site-packages/django/db/models/manager.py", line 87, in manager_method
    return getattr(self.get_queryset(), name)(*args, **kwargs)
           ^^^^^^^^^^^^^^^^^^^^^^^^^^^^^^^^^^^^^^^^^^^^^^^^^^^
  File "/usr/local/lib/python3.11/site-packages/django/db/models/query.py", line 633, in get
    num = len(clone)
          ^^^^^^^^^^
  File "/usr/local/lib/python3.11/site-packages/django/db/models/query.py", line 380, in __len__
    self._fetch_all()
  File "/usr/local/lib/python3.11/site-packages/django/db/models/query.py", line 1881, in _fetch_all
    self._result_cache = list(self._iterable_class(self))
                         ^^^^^^^^^^^^^^^^^^^^^^^^^^^^^^^^
  File "/usr/local/lib/python3.11/site-packages/django/db/models/query.py", line 91, in __iter__
    results = compiler.execute_sql(
              ^^^^^^^^^^^^^^^^^^^^^
  File "/usr/local/lib/python3.11/site-packages/django/db/models/sql/compiler.py", line 1562, in execute_sql
    cursor.execute(sql, params)
  File "/usr/local/lib/python3.11/site-packages/django/db/backends/utils.py", line 102, in execute
    return super().execute(sql, params)
           ^^^^^^^^^^^^^^^^^^^^^^^^^^^^
  File "/usr/local/lib/python3.11/site-packages/django/db/backends/utils.py", line 67, in execute
    return self._execute_with_wrappers(
           ^^^^^^^^^^^^^^^^^^^^^^^^^^^^
  File "/usr/local/lib/python3.11/site-packages/django/db/backends/utils.py", line 80, in _execute_with_wrappers
    return executor(sql, params, many, context)
           ^^^^^^^^^^^^^^^^^^^^^^^^^^^^^^^^^^^^
  File "/usr/local/lib/python3.11/site-packages/django/db/backends/utils.py", line 84, in _execute
    with self.db.wrap_database_errors:
  File "/usr/local/lib/python3.11/site-packages/django/db/utils.py", line 91, in __exit__
    raise dj_exc_value.with_traceback(traceback) from exc_value
  File "/usr/local/lib/python3.11/site-packages/django/db/backends/utils.py", line 89, in _execute
    return self.cursor.execute(sql, params)
           ^^^^^^^^^^^^^^^^^^^^^^^^^^^^^^^^
django.db.utils.ProgrammingError: relation "urls" does not exist
LINE 1: ...ode", "urls"."created_at", "urls"."url_hash" FROM "urls" WHE...
                                                             ^

ERROR 2025-11-10 16:31:22,695 log Internal Server Error: /api/shorten/
ERROR 2025-11-10 16:31:22,696 basehttp "POST /api/shorten/ HTTP/1.1" 500 48
ERROR 2025-11-10 16:31:56,418 views Error in ShortenURLView: relation "urls" does not exist
LINE 1: ...ode", "urls"."created_at", "urls"."url_hash" FROM "urls" WHE...
                                                             ^
Traceback (most recent call last):
  File "/usr/local/lib/python3.11/site-packages/django/db/backends/utils.py", line 89, in _execute
    return self.cursor.execute(sql, params)
           ^^^^^^^^^^^^^^^^^^^^^^^^^^^^^^^^
psycopg2.errors.UndefinedTable: relation "urls" does not exist
LINE 1: ...ode", "urls"."created_at", "urls"."url_hash" FROM "urls" WHE...
                                                             ^


The above exception was the direct cause of the following exception:

Traceback (most recent call last):
  File "/app/views.py", line 44, in post
    existing_url = URL.objects.get(url_hash=url_hash)
                   ^^^^^^^^^^^^^^^^^^^^^^^^^^^^^^^^^^
  File "/usr/local/lib/python3.11/site-packages/django/db/models/manager.py", line 87, in manager_method
    return getattr(self.get_queryset(), name)(*args, **kwargs)
           ^^^^^^^^^^^^^^^^^^^^^^^^^^^^^^^^^^^^^^^^^^^^^^^^^^^
  File "/usr/local/lib/python3.11/site-packages/django/db/models/query.py", line 633, in get
    num = len(clone)
          ^^^^^^^^^^
  File "/usr/local/lib/python3.11/site-packages/django/db/models/query.py", line 380, in __len__
    self._fetch_all()
  File "/usr/local/lib/python3.11/site-packages/django/db/models/query.py", line 1881, in _fetch_all
    self._result_cache = list(self._iterable_class(self))
                         ^^^^^^^^^^^^^^^^^^^^^^^^^^^^^^^^
  File "/usr/local/lib/python3.11/site-packages/django/db/models/query.py", line 91, in __iter__
    results = compiler.execute_sql(
              ^^^^^^^^^^^^^^^^^^^^^
  File "/usr/local/lib/python3.11/site-packages/django/db/models/sql/compiler.py", line 1562, in execute_sql
    cursor.execute(sql, params)
  File "/usr/local/lib/python3.11/site-packages/django/db/backends/utils.py", line 102, in execute
    return super().execute(sql, params)
           ^^^^^^^^^^^^^^^^^^^^^^^^^^^^
  File "/usr/local/lib/python3.11/site-packages/django/db/backends/utils.py", line 67, in execute
    return self._execute_with_wrappers(
           ^^^^^^^^^^^^^^^^^^^^^^^^^^^^
  File "/usr/local/lib/python3.11/site-packages/django/db/backends/utils.py", line 80, in _execute_with_wrappers
    return executor(sql, params, many, context)
           ^^^^^^^^^^^^^^^^^^^^^^^^^^^^^^^^^^^^
  File "/usr/local/lib/python3.11/site-packages/django/db/backends/utils.py", line 84, in _execute
    with self.db.wrap_database_errors:
  File "/usr/local/lib/python3.11/site-packages/django/db/utils.py", line 91, in __exit__
    raise dj_exc_value.with_traceback(traceback) from exc_value
  File "/usr/local/lib/python3.11/site-packages/django/db/backends/utils.py", line 89, in _execute
    return self.cursor.execute(sql, params)
           ^^^^^^^^^^^^^^^^^^^^^^^^^^^^^^^^
django.db.utils.ProgrammingError: relation "urls" does not exist
LINE 1: ...ode", "urls"."created_at", "urls"."url_hash" FROM "urls" WHE...
                                                             ^

ERROR 2025-11-10 16:31:56,424 log Internal Server Error: /api/shorten/
ERROR 2025-11-10 16:31:56,426 basehttp "POST /api/shorten/ HTTP/1.1" 500 48
INFO 2025-11-10 16:33:34,021 autoreload Watching for file changes with StatReloader
INFO 2025-11-11 02:04:02,120 autoreload Watching for file changes with StatReloader
INFO 2025-11-11 02:05:18,088 autoreload Watching for file changes with StatReloader
WARNING 2025-11-10 16:36:53,238 log Not Found: /
WARNING 2025-11-10 16:36:53,241 basehttp "GET / HTTP/1.1" 404 2217
ERROR 2025-11-10 16:36:53,421 views Error in RedirectView: relation "urls" does not exist
LINE 1: ...ode", "urls"."created_at", "urls"."url_hash" FROM "urls" WHE...
                                                             ^
Traceback (most recent call last):
  File "/usr/local/lib/python3.11/site-packages/django/db/backends/utils.py", line 89, in _execute
    return self.cursor.execute(sql, params)
           ^^^^^^^^^^^^^^^^^^^^^^^^^^^^^^^^
psycopg2.errors.UndefinedTable: relation "urls" does not exist
LINE 1: ...ode", "urls"."created_at", "urls"."url_hash" FROM "urls" WHE...
                                                             ^


The above exception was the direct cause of the following exception:

Traceback (most recent call last):
  File "/app/views.py", line 142, in get
    url_obj = URL.objects.get(short_code=short_code)
              ^^^^^^^^^^^^^^^^^^^^^^^^^^^^^^^^^^^^^^
  File "/usr/local/lib/python3.11/site-packages/django/db/models/manager.py", line 87, in manager_method
    return getattr(self.get_queryset(), name)(*args, **kwargs)
           ^^^^^^^^^^^^^^^^^^^^^^^^^^^^^^^^^^^^^^^^^^^^^^^^^^^
  File "/usr/local/lib/python3.11/site-packages/django/db/models/query.py", line 633, in get
    num = len(clone)
          ^^^^^^^^^^
  File "/usr/local/lib/python3.11/site-packages/django/db/models/query.py", line 380, in __len__
    self._fetch_all()
  File "/usr/local/lib/python3.11/site-packages/django/db/models/query.py", line 1881, in _fetch_all
    self._result_cache = list(self._iterable_class(self))
                         ^^^^^^^^^^^^^^^^^^^^^^^^^^^^^^^^
  File "/usr/local/lib/python3.11/site-packages/django/db/models/query.py", line 91, in __iter__
    results = compiler.execute_sql(
              ^^^^^^^^^^^^^^^^^^^^^
  File "/usr/local/lib/python3.11/site-packages/django/db/models/sql/compiler.py", line 1562, in execute_sql
    cursor.execute(sql, params)
  File "/usr/local/lib/python3.11/site-packages/django/db/backends/utils.py", line 102, in execute
    return super().execute(sql, params)
           ^^^^^^^^^^^^^^^^^^^^^^^^^^^^
  File "/usr/local/lib/python3.11/site-packages/django/db/backends/utils.py", line 67, in execute
    return self._execute_with_wrappers(
           ^^^^^^^^^^^^^^^^^^^^^^^^^^^^
  File "/usr/local/lib/python3.11/site-packages/django/db/backends/utils.py", line 80, in _execute_with_wrappers
    return executor(sql, params, many, context)
           ^^^^^^^^^^^^^^^^^^^^^^^^^^^^^^^^^^^^
  File "/usr/local/lib/python3.11/site-packages/django/db/backends/utils.py", line 84, in _execute
    with self.db.wrap_database_errors:
  File "/usr/local/lib/python3.11/site-packages/django/db/utils.py", line 91, in __exit__
    raise dj_exc_value.with_traceback(traceback) from exc_value
  File "/usr/local/lib/python3.11/site-packages/django/db/backends/utils.py", line 89, in _execute
    return self.cursor.execute(sql, params)
           ^^^^^^^^^^^^^^^^^^^^^^^^^^^^^^^^
django.db.utils.ProgrammingError: relation "urls" does not exist
LINE 1: ...ode", "urls"."created_at", "urls"."url_hash" FROM "urls" WHE...
                                                             ^

ERROR 2025-11-10 16:36:53,432 log Internal Server Error: /favicon.ico
ERROR 2025-11-10 16:36:53,436 basehttp "GET /favicon.ico HTTP/1.1" 500 25
INFO 2025-11-11 02:06:59,095 autoreload Watching for file changes with StatReloader
WARNING 2025-11-10 16:37:00,823 log Not Found: /
WARNING 2025-11-10 16:37:00,825 basehttp "GET / HTTP/1.1" 404 2217
ERROR 2025-11-10 16:37:00,867 views Error in RedirectView: relation "urls" does not exist
LINE 1: ...ode", "urls"."created_at", "urls"."url_hash" FROM "urls" WHE...
                                                             ^
Traceback (most recent call last):
  File "/usr/local/lib/python3.11/site-packages/django/db/backends/utils.py", line 89, in _execute
    return self.cursor.execute(sql, params)
           ^^^^^^^^^^^^^^^^^^^^^^^^^^^^^^^^
psycopg2.errors.UndefinedTable: relation "urls" does not exist
LINE 1: ...ode", "urls"."created_at", "urls"."url_hash" FROM "urls" WHE...
                                                             ^


The above exception was the direct cause of the following exception:

Traceback (most recent call last):
  File "/app/views.py", line 142, in get
    url_obj = URL.objects.get(short_code=short_code)
              ^^^^^^^^^^^^^^^^^^^^^^^^^^^^^^^^^^^^^^
  File "/usr/local/lib/python3.11/site-packages/django/db/models/manager.py", line 87, in manager_method
    return getattr(self.get_queryset(), name)(*args, **kwargs)
           ^^^^^^^^^^^^^^^^^^^^^^^^^^^^^^^^^^^^^^^^^^^^^^^^^^^
  File "/usr/local/lib/python3.11/site-packages/django/db/models/query.py", line 633, in get
    num = len(clone)
          ^^^^^^^^^^
  File "/usr/local/lib/python3.11/site-packages/django/db/models/query.py", line 380, in __len__
    self._fetch_all()
  File "/usr/local/lib/python3.11/site-packages/django/db/models/query.py", line 1881, in _fetch_all
    self._result_cache = list(self._iterable_class(self))
                         ^^^^^^^^^^^^^^^^^^^^^^^^^^^^^^^^
  File "/usr/local/lib/python3.11/site-packages/django/db/models/query.py", line 91, in __iter__
    results = compiler.execute_sql(
              ^^^^^^^^^^^^^^^^^^^^^
  File "/usr/local/lib/python3.11/site-packages/django/db/models/sql/compiler.py", line 1562, in execute_sql
    cursor.execute(sql, params)
  File "/usr/local/lib/python3.11/site-packages/django/db/backends/utils.py", line 102, in execute
    return super().execute(sql, params)
           ^^^^^^^^^^^^^^^^^^^^^^^^^^^^
  File "/usr/local/lib/python3.11/site-packages/django/db/backends/utils.py", line 67, in execute
    return self._execute_with_wrappers(
           ^^^^^^^^^^^^^^^^^^^^^^^^^^^^
  File "/usr/local/lib/python3.11/site-packages/django/db/backends/utils.py", line 80, in _execute_with_wrappers
    return executor(sql, params, many, context)
           ^^^^^^^^^^^^^^^^^^^^^^^^^^^^^^^^^^^^
  File "/usr/local/lib/python3.11/site-packages/django/db/backends/utils.py", line 84, in _execute
    with self.db.wrap_database_errors:
  File "/usr/local/lib/python3.11/site-packages/django/db/utils.py", line 91, in __exit__
    raise dj_exc_value.with_traceback(traceback) from exc_value
  File "/usr/local/lib/python3.11/site-packages/django/db/backends/utils.py", line 89, in _execute
    return self.cursor.execute(sql, params)
           ^^^^^^^^^^^^^^^^^^^^^^^^^^^^^^^^
django.db.utils.ProgrammingError: relation "urls" does not exist
LINE 1: ...ode", "urls"."created_at", "urls"."url_hash" FROM "urls" WHE...
                                                             ^

ERROR 2025-11-10 16:37:00,873 log Internal Server Error: /favicon.ico
ERROR 2025-11-10 16:37:00,874 basehttp "GET /favicon.ico HTTP/1.1" 500 25
WARNING 2025-11-10 16:37:08,777 log Not Found: /
WARNING 2025-11-10 16:37:08,779 basehttp "GET / HTTP/1.1" 404 2217
ERROR 2025-11-10 16:37:08,820 views Error in RedirectView: relation "urls" does not exist
LINE 1: ...ode", "urls"."created_at", "urls"."url_hash" FROM "urls" WHE...
                                                             ^
Traceback (most recent call last):
  File "/usr/local/lib/python3.11/site-packages/django/db/backends/utils.py", line 89, in _execute
    return self.cursor.execute(sql, params)
           ^^^^^^^^^^^^^^^^^^^^^^^^^^^^^^^^
psycopg2.errors.UndefinedTable: relation "urls" does not exist
LINE 1: ...ode", "urls"."created_at", "urls"."url_hash" FROM "urls" WHE...
                                                             ^


The above exception was the direct cause of the following exception:

Traceback (most recent call last):
  File "/app/views.py", line 142, in get
    url_obj = URL.objects.get(short_code=short_code)
              ^^^^^^^^^^^^^^^^^^^^^^^^^^^^^^^^^^^^^^
  File "/usr/local/lib/python3.11/site-packages/django/db/models/manager.py", line 87, in manager_method
    return getattr(self.get_queryset(), name)(*args, **kwargs)
           ^^^^^^^^^^^^^^^^^^^^^^^^^^^^^^^^^^^^^^^^^^^^^^^^^^^
  File "/usr/local/lib/python3.11/site-packages/django/db/models/query.py", line 633, in get
    num = len(clone)
          ^^^^^^^^^^
  File "/usr/local/lib/python3.11/site-packages/django/db/models/query.py", line 380, in __len__
    self._fetch_all()
  File "/usr/local/lib/python3.11/site-packages/django/db/models/query.py", line 1881, in _fetch_all
    self._result_cache = list(self._iterable_class(self))
                         ^^^^^^^^^^^^^^^^^^^^^^^^^^^^^^^^
  File "/usr/local/lib/python3.11/site-packages/django/db/models/query.py", line 91, in __iter__
    results = compiler.execute_sql(
              ^^^^^^^^^^^^^^^^^^^^^
  File "/usr/local/lib/python3.11/site-packages/django/db/models/sql/compiler.py", line 1562, in execute_sql
    cursor.execute(sql, params)
  File "/usr/local/lib/python3.11/site-packages/django/db/backends/utils.py", line 102, in execute
    return super().execute(sql, params)
           ^^^^^^^^^^^^^^^^^^^^^^^^^^^^
  File "/usr/local/lib/python3.11/site-packages/django/db/backends/utils.py", line 67, in execute
    return self._execute_with_wrappers(
           ^^^^^^^^^^^^^^^^^^^^^^^^^^^^
  File "/usr/local/lib/python3.11/site-packages/django/db/backends/utils.py", line 80, in _execute_with_wrappers
    return executor(sql, params, many, context)
           ^^^^^^^^^^^^^^^^^^^^^^^^^^^^^^^^^^^^
  File "/usr/local/lib/python3.11/site-packages/django/db/backends/utils.py", line 84, in _execute
    with self.db.wrap_database_errors:
  File "/usr/local/lib/python3.11/site-packages/django/db/utils.py", line 91, in __exit__
    raise dj_exc_value.with_traceback(traceback) from exc_value
  File "/usr/local/lib/python3.11/site-packages/django/db/backends/utils.py", line 89, in _execute
    return self.cursor.execute(sql, params)
           ^^^^^^^^^^^^^^^^^^^^^^^^^^^^^^^^
django.db.utils.ProgrammingError: relation "urls" does not exist
LINE 1: ...ode", "urls"."created_at", "urls"."url_hash" FROM "urls" WHE...
                                                             ^

ERROR 2025-11-10 16:37:08,824 log Internal Server Error: /favicon.ico
ERROR 2025-11-10 16:37:08,827 basehttp "GET /favicon.ico HTTP/1.1" 500 25
WARNING 2025-11-10 16:37:17,768 log Not Found: /
WARNING 2025-11-10 16:37:17,770 basehttp "GET / HTTP/1.1" 404 2217
ERROR 2025-11-10 16:37:17,819 views Error in RedirectView: relation "urls" does not exist
LINE 1: ...ode", "urls"."created_at", "urls"."url_hash" FROM "urls" WHE...
                                                             ^
Traceback (most recent call last):
  File "/usr/local/lib/python3.11/site-packages/django/db/backends/utils.py", line 89, in _execute
    return self.cursor.execute(sql, params)
           ^^^^^^^^^^^^^^^^^^^^^^^^^^^^^^^^
psycopg2.errors.UndefinedTable: relation "urls" does not exist
LINE 1: ...ode", "urls"."created_at", "urls"."url_hash" FROM "urls" WHE...
                                                             ^


The above exception was the direct cause of the following exception:

Traceback (most recent call last):
  File "/app/views.py", line 142, in get
    url_obj = URL.objects.get(short_code=short_code)
              ^^^^^^^^^^^^^^^^^^^^^^^^^^^^^^^^^^^^^^
  File "/usr/local/lib/python3.11/site-packages/django/db/models/manager.py", line 87, in manager_method
    return getattr(self.get_queryset(), name)(*args, **kwargs)
           ^^^^^^^^^^^^^^^^^^^^^^^^^^^^^^^^^^^^^^^^^^^^^^^^^^^
  File "/usr/local/lib/python3.11/site-packages/django/db/models/query.py", line 633, in get
    num = len(clone)
          ^^^^^^^^^^
  File "/usr/local/lib/python3.11/site-packages/django/db/models/query.py", line 380, in __len__
    self._fetch_all()
  File "/usr/local/lib/python3.11/site-packages/django/db/models/query.py", line 1881, in _fetch_all
    self._result_cache = list(self._iterable_class(self))
                         ^^^^^^^^^^^^^^^^^^^^^^^^^^^^^^^^
  File "/usr/local/lib/python3.11/site-packages/django/db/models/query.py", line 91, in __iter__
    results = compiler.execute_sql(
              ^^^^^^^^^^^^^^^^^^^^^
  File "/usr/local/lib/python3.11/site-packages/django/db/models/sql/compiler.py", line 1562, in execute_sql
    cursor.execute(sql, params)
  File "/usr/local/lib/python3.11/site-packages/django/db/backends/utils.py", line 102, in execute
    return super().execute(sql, params)
           ^^^^^^^^^^^^^^^^^^^^^^^^^^^^
  File "/usr/local/lib/python3.11/site-packages/django/db/backends/utils.py", line 67, in execute
    return self._execute_with_wrappers(
           ^^^^^^^^^^^^^^^^^^^^^^^^^^^^
  File "/usr/local/lib/python3.11/site-packages/django/db/backends/utils.py", line 80, in _execute_with_wrappers
    return executor(sql, params, many, context)
           ^^^^^^^^^^^^^^^^^^^^^^^^^^^^^^^^^^^^
  File "/usr/local/lib/python3.11/site-packages/django/db/backends/utils.py", line 84, in _execute
    with self.db.wrap_database_errors:
  File "/usr/local/lib/python3.11/site-packages/django/db/utils.py", line 91, in __exit__
    raise dj_exc_value.with_traceback(traceback) from exc_value
  File "/usr/local/lib/python3.11/site-packages/django/db/backends/utils.py", line 89, in _execute
    return self.cursor.execute(sql, params)
           ^^^^^^^^^^^^^^^^^^^^^^^^^^^^^^^^
django.db.utils.ProgrammingError: relation "urls" does not exist
LINE 1: ...ode", "urls"."created_at", "urls"."url_hash" FROM "urls" WHE...
                                                             ^

ERROR 2025-11-10 16:37:17,828 log Internal Server Error: /favicon.ico
ERROR 2025-11-10 16:37:17,830 basehttp "GET /favicon.ico HTTP/1.1" 500 25
